0 verbose cli C:\Program Files\nodejs\node.exe C:\Users\Deepak Kumar Bind\AppData\Roaming\npm\node_modules\npm\bin\npm-cli.js
1 info using npm@10.8.2
2 info using node@v20.20.0
3 silly config load:file:C:\Users\Deepak Kumar Bind\AppData\Roaming\npm\node_modules\npm\npmrc
4 silly config load:file:C:\Users\Deepak Kumar Bind\OneDrive\Desktop\AZAL INTERNATIONAL\Azal-Carpet\.npmrc
5 silly config load:file:C:\Users\Deepak Kumar Bind\.npmrc
6 silly config load:file:C:\Users\Deepak Kumar Bind\AppData\Roaming\npm\etc\npmrc
7 verbose title npm run dec
8 verbose argv "run" "dec"
9 verbose logfile logs-max:10 dir:C:\Users\Deepak Kumar Bind\OneDrive\Desktop\AZAL INTERNATIONAL\Azal-Carpet\.npm-cache\_logs\2026-02-10T16_05_12_477Z-
10 verbose logfile C:\Users\Deepak Kumar Bind\OneDrive\Desktop\AZAL INTERNATIONAL\Azal-Carpet\.npm-cache\_logs\2026-02-10T16_05_12_477Z-debug-0.log
11 silly logfile start cleaning logs, removing 1 files
12 silly logfile done cleaning log files
13 verbose stack Error: Missing script: "dec"
13 verbose stack
13 verbose stack Did you mean this?
13 verbose stack   npm run dev # run the "dev" package script
13 verbose stack
13 verbose stack To see a list of scripts, run:
13 verbose stack   npm run
13 verbose stack     at #run (C:\Users\Deepak Kumar Bind\AppData\Roaming\npm\node_modules\npm\lib\commands\run-script.js:110:13)
13 verbose stack     at async RunScript.exec (C:\Users\Deepak Kumar Bind\AppData\Roaming\npm\node_modules\npm\lib\commands\run-script.js:39:7)
13 verbose stack     at async Npm.exec (C:\Users\Deepak Kumar Bind\AppData\Roaming\npm\node_modules\npm\lib\npm.js:207:9)
13 verbose stack     at async module.exports (C:\Users\Deepak Kumar Bind\AppData\Roaming\npm\node_modules\npm\lib\cli\entry.js:74:5)
14 error Missing script: "dec"
14 error
14 error Did you mean this?
14 error   npm run dev # run the "dev" package script
14 error
14 error To see a list of scripts, run:
14 error   npm run
15 verbose cwd C:\Users\Deepak Kumar Bind\OneDrive\Desktop\AZAL INTERNATIONAL\Azal-Carpet
16 verbose os Windows_NT 10.0.22631
17 verbose node v20.20.0
18 verbose npm  v10.8.2
19 verbose exit 1
20 verbose code 1
21 error A complete log of this run can be found in: C:\Users\Deepak Kumar Bind\OneDrive\Desktop\AZAL INTERNATIONAL\Azal-Carpet\.npm-cache\_logs\2026-02-10T16_05_12_477Z-debug-0.log
