0 verbose cli C:\Program Files\nodejs\node.exe C:\Users\Deepak Kumar Bind\AppData\Roaming\npm\node_modules\npm\bin\npm-cli.js
1 info using npm@10.8.2
2 info using node@v20.20.0
3 silly config load:file:C:\Users\Deepak Kumar Bind\AppData\Roaming\npm\node_modules\npm\npmrc
4 silly config load:file:C:\Users\Deepak Kumar Bind\OneDrive\Desktop\AZAL INTERNATIONAL\Azal-Carpet\.npmrc
5 silly config load:file:C:\Users\Deepak Kumar Bind\.npmrc
6 silly config load:file:C:\Users\Deepak Kumar Bind\AppData\Roaming\npm\etc\npmrc
7 verbose title npm i
8 verbose argv "i"
9 verbose logfile logs-max:10 dir:C:\Users\Deepak Kumar Bind\OneDrive\Desktop\AZAL INTERNATIONAL\Azal-Carpet\.npm-cache\_logs\2026-02-06T04_21_43_621Z-
10 verbose logfile C:\Users\Deepak Kumar Bind\OneDrive\Desktop\AZAL INTERNATIONAL\Azal-Carpet\.npm-cache\_logs\2026-02-06T04_21_43_621Z-debug-0.log
11 silly packumentCache heap:2197815296 maxSize:549453824 maxEntrySize:274726912
12 silly logfile done cleaning log files
13 silly idealTree buildDeps
14 verbose shrinkwrap failed to load node_modules/.package-lock.json out of date, updated: node_modules
15 silly reify moves {}
16 silly audit bulk request {
16 silly audit   '@alloc/quick-lru': [ '5.2.0' ],
16 silly audit   '@ampproject/remapping': [ '2.2.1' ],
16 silly audit   '@babel/code-frame': [ '7.22.5' ],
16 silly audit   '@babel/compat-data': [ '7.22.5' ],
16 silly audit   '@babel/core': [ '7.22.5' ],
16 silly audit   '@babel/generator': [ '7.22.5' ],
16 silly audit   '@babel/helper-compilation-targets': [ '7.22.5' ],
16 silly audit   '@babel/helper-environment-visitor': [ '7.22.5' ],
16 silly audit   '@babel/helper-function-name': [ '7.22.5' ],
16 silly audit   '@babel/helper-hoist-variables': [ '7.22.5' ],
16 silly audit   '@babel/helper-module-imports': [ '7.22.5' ],
16 silly audit   '@babel/helper-module-transforms': [ '7.22.5' ],
16 silly audit   '@babel/helper-plugin-utils': [ '7.22.5' ],
16 silly audit   '@babel/helper-simple-access': [ '7.22.5' ],
16 silly audit   '@babel/helper-split-export-declaration': [ '7.22.5' ],
16 silly audit   '@babel/helper-string-parser': [ '7.22.5' ],
16 silly audit   '@babel/helper-validator-identifier': [ '7.22.5' ],
16 silly audit   '@babel/helper-validator-option': [ '7.22.5' ],
16 silly audit   '@babel/helpers': [ '7.22.5' ],
16 silly audit   '@babel/highlight': [ '7.22.5' ],
16 silly audit   '@babel/parser': [ '7.22.5' ],
16 silly audit   '@babel/plugin-transform-react-jsx-self': [ '7.22.5' ],
16 silly audit   '@babel/plugin-transform-react-jsx-source': [ '7.22.5' ],
16 silly audit   '@babel/runtime': [ '7.22.5' ],
16 silly audit   '@babel/template': [ '7.22.5' ],
16 silly audit   '@babel/traverse': [ '7.22.5' ],
16 silly audit   '@babel/types': [ '7.22.5' ],
16 silly audit   '@chakra-ui/accordion': [ '2.2.0' ],
16 silly audit   '@chakra-ui/alert': [ '2.1.0' ],
16 silly audit   '@chakra-ui/anatomy': [ '2.1.2' ],
16 silly audit   '@chakra-ui/avatar': [ '2.2.11' ],
16 silly audit   '@chakra-ui/breadcrumb': [ '2.1.5' ],
16 silly audit   '@chakra-ui/breakpoint-utils': [ '2.0.8' ],
16 silly audit   '@chakra-ui/button': [ '2.0.18' ],
16 silly audit   '@chakra-ui/card': [ '2.1.6' ],
16 silly audit   '@chakra-ui/checkbox': [ '2.2.15' ],
16 silly audit   '@chakra-ui/clickable': [ '2.0.14' ],
16 silly audit   '@chakra-ui/close-button': [ '2.0.17' ],
16 silly audit   '@chakra-ui/color-mode': [ '2.1.12' ],
16 silly audit   '@chakra-ui/control-box': [ '2.0.13' ],
16 silly audit   '@chakra-ui/counter': [ '2.0.14' ],
16 silly audit   '@chakra-ui/css-reset': [ '2.1.2' ],
16 silly audit   '@chakra-ui/descendant': [ '3.0.14' ],
16 silly audit   '@chakra-ui/dom-utils': [ '2.1.0' ],
16 silly audit   '@chakra-ui/editable': [ '3.0.0' ],
16 silly audit   '@chakra-ui/event-utils': [ '2.0.8' ],
16 silly audit   '@chakra-ui/focus-lock': [ '2.0.17' ],
16 silly audit   '@chakra-ui/form-control': [ '2.0.18' ],
16 silly audit   '@chakra-ui/hooks': [ '2.2.0' ],
16 silly audit   '@chakra-ui/icon': [ '3.0.16' ],
16 silly audit   '@chakra-ui/image': [ '2.0.16' ],
16 silly audit   '@chakra-ui/input': [ '2.0.22' ],
16 silly audit   '@chakra-ui/layout': [ '2.2.0' ],
16 silly audit   '@chakra-ui/lazy-utils': [ '2.0.5' ],
16 silly audit   '@chakra-ui/live-region': [ '2.0.13' ],
16 silly audit   '@chakra-ui/media-query': [ '3.2.12' ],
16 silly audit   '@chakra-ui/menu': [ '2.1.15' ],
16 silly audit   '@chakra-ui/modal': [ '2.2.12' ],
16 silly audit   '@chakra-ui/number-input': [ '2.0.19' ],
16 silly audit   '@chakra-ui/number-utils': [ '2.0.7' ],
16 silly audit   '@chakra-ui/object-utils': [ '2.1.0' ],
16 silly audit   '@chakra-ui/pin-input': [ '2.0.20' ],
16 silly audit   '@chakra-ui/popover': [ '2.1.12' ],
16 silly audit   '@chakra-ui/popper': [ '3.0.14' ],
16 silly audit   '@chakra-ui/portal': [ '2.0.16' ],
16 silly audit   '@chakra-ui/progress': [ '2.1.6' ],
16 silly audit   '@chakra-ui/provider': [ '2.3.0' ],
16 silly audit   '@chakra-ui/radio': [ '2.0.22' ],
16 silly audit   '@chakra-ui/react': [ '2.7.0' ],
16 silly audit   '@chakra-ui/react-children-utils': [ '2.0.6' ],
16 silly audit   '@chakra-ui/react-context': [ '2.0.8' ],
16 silly audit   '@chakra-ui/react-env': [ '3.0.0' ],
16 silly audit   '@chakra-ui/react-types': [ '2.0.7' ],
16 silly audit   '@chakra-ui/react-use-animation-state': [ '2.0.9' ],
16 silly audit   '@chakra-ui/react-use-callback-ref': [ '2.0.7' ],
16 silly audit   '@chakra-ui/react-use-controllable-state': [ '2.0.8' ],
16 silly audit   '@chakra-ui/react-use-disclosure': [ '2.0.8' ],
16 silly audit   '@chakra-ui/react-use-event-listener': [ '2.0.7' ],
16 silly audit   '@chakra-ui/react-use-focus-effect': [ '2.0.11' ],
16 silly audit   '@chakra-ui/react-use-focus-on-pointer-down': [ '2.0.6' ],
16 silly audit   '@chakra-ui/react-use-interval': [ '2.0.5' ],
16 silly audit   '@chakra-ui/react-use-latest-ref': [ '2.0.5' ],
16 silly audit   '@chakra-ui/react-use-merge-refs': [ '2.0.7' ],
16 silly audit   '@chakra-ui/react-use-outside-click': [ '2.1.0' ],
16 silly audit   '@chakra-ui/react-use-pan-event': [ '2.0.9' ],
16 silly audit   '@chakra-ui/react-use-previous': [ '2.0.5' ],
16 silly audit   '@chakra-ui/react-use-safe-layout-effect': [ '2.0.5' ],
16 silly audit   '@chakra-ui/react-use-size': [ '2.0.10' ],
16 silly audit   '@chakra-ui/react-use-timeout': [ '2.0.5' ],
16 silly audit   '@chakra-ui/react-use-update-effect': [ '2.0.7' ],
16 silly audit   '@chakra-ui/react-utils': [ '2.0.12' ],
16 silly audit   '@chakra-ui/select': [ '2.0.19' ],
16 silly audit   '@chakra-ui/shared-utils': [ '2.0.5' ],
16 silly audit   '@chakra-ui/skeleton': [ '2.0.24' ],
16 silly audit   '@chakra-ui/slider': [ '2.0.25' ],
16 silly audit   '@chakra-ui/spinner': [ '2.0.13' ],
16 silly audit   '@chakra-ui/stat': [ '2.0.18' ],
16 silly audit   '@chakra-ui/stepper': [ '2.2.0' ],
16 silly audit   '@chakra-ui/styled-system': [ '2.9.1' ],
16 silly audit   '@chakra-ui/switch': [ '2.0.27' ],
16 silly audit   '@chakra-ui/system': [ '2.5.8' ],
16 silly audit   '@chakra-ui/table': [ '2.0.17' ],
16 silly audit   '@chakra-ui/tabs': [ '2.1.9' ],
16 silly audit   '@chakra-ui/tag': [ '3.0.0' ],
16 silly audit   '@chakra-ui/textarea': [ '2.0.19' ],
16 silly audit   '@chakra-ui/theme': [ '3.1.2' ],
16 silly audit   '@chakra-ui/theme-tools': [ '2.0.18' ],
16 silly audit   '@chakra-ui/theme-utils': [ '2.0.18' ],
16 silly audit   '@chakra-ui/toast': [ '6.1.4' ],
16 silly audit   '@chakra-ui/tooltip': [ '2.2.9' ],
16 silly audit   '@chakra-ui/transition': [ '2.0.16' ],
16 silly audit   '@chakra-ui/utils': [ '2.0.15' ],
16 silly audit   '@chakra-ui/visually-hidden': [ '2.0.15' ],
16 silly audit   '@emotion/babel-plugin': [ '11.11.0' ],
16 silly audit   'escape-string-regexp': [ '4.0.0', '1.0.5' ],
16 silly audit   '@emotion/cache': [ '11.11.0' ],
16 silly audit   '@emotion/hash': [ '0.9.1' ],
16 silly audit   '@emotion/is-prop-valid': [ '1.2.1', '0.8.8' ],
16 silly audit   '@emotion/memoize': [ '0.8.1', '0.7.4' ],
16 silly audit   '@emotion/react': [ '11.11.1' ],
16 silly audit   '@emotion/serialize': [ '1.1.2' ],
16 silly audit   '@emotion/sheet': [ '1.2.2' ],
16 silly audit   '@emotion/styled': [ '11.11.0' ],
16 silly audit   '@emotion/unitless': [ '0.8.1' ],
16 silly audit   '@emotion/use-insertion-effect-with-fallbacks': [ '1.0.1' ],
16 silly audit   '@emotion/utils': [ '1.2.1' ],
16 silly audit   '@emotion/weak-memoize': [ '0.3.1' ],
16 silly audit   '@esbuild/android-arm': [ '0.17.19' ],
16 silly audit   '@esbuild/android-arm64': [ '0.17.19' ],
16 silly audit   '@esbuild/android-x64': [ '0.17.19' ],
16 silly audit   '@esbuild/darwin-arm64': [ '0.17.19' ],
16 silly audit   '@esbuild/darwin-x64': [ '0.17.19' ],
16 silly audit   '@esbuild/freebsd-arm64': [ '0.17.19' ],
16 silly audit   '@esbuild/freebsd-x64': [ '0.17.19' ],
16 silly audit   '@esbuild/linux-arm': [ '0.17.19' ],
16 silly audit   '@esbuild/linux-arm64': [ '0.17.19' ],
16 silly audit   '@esbuild/linux-ia32': [ '0.17.19' ],
16 silly audit   '@esbuild/linux-loong64': [ '0.17.19' ],
16 silly audit   '@esbuild/linux-mips64el': [ '0.17.19' ],
16 silly audit   '@esbuild/linux-ppc64': [ '0.17.19' ],
16 silly audit   '@esbuild/linux-riscv64': [ '0.17.19' ],
16 silly audit   '@esbuild/linux-s390x': [ '0.17.19' ],
16 silly audit   '@esbuild/linux-x64': [ '0.17.19' ],
16 silly audit   '@esbuild/netbsd-x64': [ '0.17.19' ],
16 silly audit   '@esbuild/openbsd-x64': [ '0.17.19' ],
16 silly audit   '@esbuild/sunos-x64': [ '0.17.19' ],
16 silly audit   '@esbuild/win32-arm64': [ '0.17.19' ],
16 silly audit   '@esbuild/win32-ia32': [ '0.17.19' ],
16 silly audit   '@esbuild/win32-x64': [ '0.17.19' ],
16 silly audit   '@eslint-community/eslint-utils': [ '4.4.0' ],
16 silly audit   '@eslint-community/regexpp': [ '4.5.1' ],
16 silly audit   '@eslint/eslintrc': [ '2.0.3' ],
16 silly audit   globals: [ '13.20.0', '11.12.0' ],
16 silly audit   '@eslint/js': [ '8.42.0' ],
16 silly audit   '@humanwhocodes/config-array': [ '0.11.10' ],
16 silly audit   '@humanwhocodes/module-importer': [ '1.0.1' ],
16 silly audit   '@humanwhocodes/object-schema': [ '1.2.1' ],
16 silly audit   '@jridgewell/gen-mapping': [ '0.3.3' ],
16 silly audit   '@jridgewell/resolve-uri': [ '3.1.0' ],
16 silly audit   '@jridgewell/set-array': [ '1.1.2' ],
16 silly audit   '@jridgewell/sourcemap-codec': [ '1.4.15', '1.4.14' ],
16 silly audit   '@jridgewell/trace-mapping': [ '0.3.18' ],
16 silly audit   '@nodelib/fs.scandir': [ '2.1.5' ],
16 silly audit   '@nodelib/fs.stat': [ '2.0.5' ],
16 silly audit   '@nodelib/fs.walk': [ '1.2.8' ],
16 silly audit   '@popperjs/core': [ '2.11.8' ],
16 silly audit   '@react-spring/animated': [ '9.7.3' ],
16 silly audit   '@react-spring/core': [ '9.7.3' ],
16 silly audit   '@react-spring/shared': [ '9.7.3' ],
16 silly audit   '@react-spring/types': [ '9.7.3' ],
16 silly audit   '@react-spring/web': [ '9.7.3' ],
16 silly audit   '@remix-run/router': [ '1.6.3' ],
16 silly audit   '@types/lodash': [ '4.14.195' ],
16 silly audit   '@types/lodash.mergewith': [ '4.6.7' ],
16 silly audit   '@types/parse-json': [ '4.0.0' ],
16 silly audit   '@types/prop-types': [ '15.7.5' ],
16 silly audit   '@types/react': [ '18.2.11' ],
16 silly audit   '@types/react-dom': [ '18.2.4' ],
16 silly audit   '@types/scheduler': [ '0.16.3' ],
16 silly audit   '@vitejs/plugin-react': [ '4.0.0' ],
16 silly audit   '@zag-js/element-size': [ '0.3.2' ],
16 silly audit   '@zag-js/focus-visible': [ '0.2.2' ],
16 silly audit   acorn: [ '8.8.2' ],
16 silly audit   'acorn-jsx': [ '5.3.2' ],
16 silly audit   ajv: [ '6.12.6' ],
16 silly audit   'ansi-regex': [ '5.0.1' ],
16 silly audit   'ansi-styles': [ '3.2.1', '4.3.0' ],
16 silly audit   'any-promise': [ '1.3.0' ],
16 silly audit   anymatch: [ '3.1.3' ],
16 silly audit   arg: [ '5.0.2' ],
16 silly audit   argparse: [ '2.0.1' ],
16 silly audit   'aria-hidden': [ '1.2.3' ],
16 silly audit   'array-buffer-byte-length': [ '1.0.0' ],
16 silly audit   'array-includes': [ '3.1.6' ],
16 silly audit   'array.prototype.flatmap': [ '1.3.1' ],
16 silly audit   'array.prototype.tosorted': [ '1.1.1' ],
16 silly audit   asynckit: [ '0.4.0' ],
16 silly audit   autoprefixer: [ '10.4.14' ],
16 silly audit   'available-typed-arrays': [ '1.0.5' ],
16 silly audit   axios: [ '1.4.0' ],
16 silly audit   'babel-plugin-macros': [ '3.1.0' ],
16 silly audit   resolve: [ '1.22.2', '2.0.0-next.4' ],
16 silly audit   'balanced-match': [ '1.0.2' ],
16 silly audit   'binary-extensions': [ '2.2.0' ],
16 silly audit   'brace-expansion': [ '1.1.11' ],
16 silly audit   braces: [ '3.0.2' ],
16 silly audit   browserslist: [ '4.21.7' ],
16 silly audit   'call-bind': [ '1.0.2' ],
16 silly audit   callsites: [ '3.1.0' ],
16 silly audit   'camelcase-css': [ '2.0.1' ],
16 silly audit   'caniuse-lite': [ '1.0.30001502' ],
16 silly audit   chalk: [ '2.4.2', '4.1.2' ],
16 silly audit   chokidar: [ '3.5.3' ],
16 silly audit   'glob-parent': [ '5.1.2', '6.0.2' ],
16 silly audit   'color-convert': [ '1.9.3', '2.0.1' ],
16 silly audit   'color-name': [ '1.1.3', '1.1.4' ],
16 silly audit   color2k: [ '2.0.2' ],
16 silly audit   'combined-stream': [ '1.0.8' ],
16 silly audit   commander: [ '4.1.1' ],
16 silly audit   'compute-scroll-into-view': [ '1.0.20' ],
16 silly audit   'concat-map': [ '0.0.1' ],
16 silly audit   'convert-source-map': [ '1.9.0' ],
16 silly audit   'copy-to-clipboard': [ '3.3.3' ],
16 silly audit   cosmiconfig: [ '7.1.0' ],
16 silly audit   'cross-spawn': [ '7.0.3' ],
16 silly audit   'css-box-model': [ '1.2.1' ],
16 silly audit   cssesc: [ '3.0.0' ],
16 silly audit   csstype: [ '3.1.2' ],
16 silly audit   debug: [ '4.3.4' ],
16 silly audit   'deep-is': [ '0.1.4' ],
16 silly audit   'define-properties': [ '1.2.0' ],
16 silly audit   'delayed-stream': [ '1.0.0' ],
16 silly audit   'detect-node-es': [ '1.1.0' ],
16 silly audit   didyoumean: [ '1.2.2' ],
16 silly audit   dlv: [ '1.1.3' ],
16 silly audit   doctrine: [ '3.0.0', '2.1.0' ],
16 silly audit   'electron-to-chromium': [ '1.4.427' ],
16 silly audit   'error-ex': [ '1.3.2' ],
16 silly audit   'es-abstract': [ '1.21.2' ],
16 silly audit   'es-set-tostringtag': [ '2.0.1' ],
16 silly audit   'es-shim-unscopables': [ '1.0.0' ],
16 silly audit   'es-to-primitive': [ '1.2.1' ],
16 silly audit   esbuild: [ '0.17.19' ],
16 silly audit   escalade: [ '3.1.1' ],
16 silly audit   eslint: [ '8.42.0' ],
16 silly audit   'eslint-plugin-react': [ '7.32.2' ],
16 silly audit   'eslint-plugin-react-hooks': [ '4.6.0' ],
16 silly audit   'eslint-plugin-react-refresh': [ '0.3.5' ],
16 silly audit   'eslint-scope': [ '7.2.0' ],
16 silly audit   'eslint-visitor-keys': [ '3.4.1' ],
16 silly audit   'has-flag': [ '4.0.0', '3.0.0' ],
16 silly audit   'supports-color': [ '7.2.0', '5.5.0' ],
16 silly audit   espree: [ '9.5.2' ],
16 silly audit   esquery: [ '1.5.0' ],
16 silly audit   esrecurse: [ '4.3.0' ],
16 silly audit   estraverse: [ '5.3.0' ],
16 silly audit   esutils: [ '2.0.3' ],
16 silly audit   'fast-deep-equal': [ '3.1.3' ],
16 silly audit   'fast-glob': [ '3.2.12' ],
16 silly audit   'fast-json-stable-stringify': [ '2.1.0' ],
16 silly audit   'fast-levenshtein': [ '2.0.6' ],
16 silly audit   fastq: [ '1.15.0' ],
16 silly audit   'file-entry-cache': [ '6.0.1' ],
16 silly audit   'fill-range': [ '7.0.1' ],
16 silly audit   'find-root': [ '1.1.0' ],
16 silly audit   'find-up': [ '5.0.0' ],
16 silly audit   'flat-cache': [ '3.0.4' ],
16 silly audit   flatted: [ '3.2.7' ],
16 silly audit   'focus-lock': [ '0.11.6' ],
16 silly audit   'follow-redirects': [ '1.15.2' ],
16 silly audit   'for-each': [ '0.3.3' ],
16 silly audit   'form-data': [ '4.0.0' ],
16 silly audit   'fraction.js': [ '4.2.0' ],
16 silly audit   'framer-motion': [ '10.12.16' ],
16 silly audit   framesync: [ '6.1.2' ],
16 silly audit   tslib: [ '2.4.0', '2.5.3' ],
16 silly audit   'fs.realpath': [ '1.0.0' ],
16 silly audit   fsevents: [ '2.3.2' ],
16 silly audit   'function-bind': [ '1.1.1' ],
16 silly audit   'function.prototype.name': [ '1.1.5' ],
16 silly audit   'functions-have-names': [ '1.2.3' ],
16 silly audit   gensync: [ '1.0.0-beta.2' ],
16 silly audit   'get-intrinsic': [ '1.2.1' ],
16 silly audit   'get-nonce': [ '1.0.1' ],
16 silly audit   'get-symbol-description': [ '1.0.0' ],
16 silly audit   glob: [ '7.2.3', '7.1.6' ],
16 silly audit   globalthis: [ '1.0.3' ],
16 silly audit   gopd: [ '1.0.1' ],
16 silly audit   graphemer: [ '1.4.0' ],
16 silly audit   has: [ '1.0.3' ],
16 silly audit   'has-bigints': [ '1.0.2' ],
16 silly audit   'has-property-descriptors': [ '1.0.0' ],
16 silly audit   'has-proto': [ '1.0.1' ],
16 silly audit   'has-symbols': [ '1.0.3' ],
16 silly audit   'has-tostringtag': [ '1.0.0' ],
16 silly audit   'hoist-non-react-statics': [ '3.3.2' ],
16 silly audit   ignore: [ '5.2.4' ],
16 silly audit   'import-fresh': [ '3.3.0' ],
16 silly audit   imurmurhash: [ '0.1.4' ],
16 silly audit   inflight: [ '1.0.6' ],
16 silly audit   inherits: [ '2.0.4' ],
16 silly audit   'internal-slot': [ '1.0.5' ],
16 silly audit   invariant: [ '2.2.4' ],
16 silly audit   'is-array-buffer': [ '3.0.2' ],
16 silly audit   'is-arrayish': [ '0.2.1' ],
16 silly audit   'is-bigint': [ '1.0.4' ],
16 silly audit   'is-binary-path': [ '2.1.0' ],
16 silly audit   'is-boolean-object': [ '1.1.2' ],
16 silly audit   'is-callable': [ '1.2.7' ],
16 silly audit   'is-core-module': [ '2.12.1' ],
16 silly audit   'is-date-object': [ '1.0.5' ],
16 silly audit   'is-extglob': [ '2.1.1' ],
16 silly audit   'is-glob': [ '4.0.3' ],
16 silly audit   'is-negative-zero': [ '2.0.2' ],
16 silly audit   'is-number': [ '7.0.0' ],
16 silly audit   'is-number-object': [ '1.0.7' ],
16 silly audit   'is-path-inside': [ '3.0.3' ],
16 silly audit   'is-regex': [ '1.1.4' ],
16 silly audit   'is-shared-array-buffer': [ '1.0.2' ],
16 silly audit   'is-string': [ '1.0.7' ],
16 silly audit   'is-symbol': [ '1.0.4' ],
16 silly audit   'is-typed-array': [ '1.1.10' ],
16 silly audit   'is-weakref': [ '1.0.2' ],
16 silly audit   isexe: [ '2.0.0' ],
16 silly audit   jiti: [ '1.18.2' ],
16 silly audit   'js-tokens': [ '4.0.0' ],
16 silly audit   'js-yaml': [ '4.1.0' ],
16 silly audit   jsesc: [ '2.5.2' ],
16 silly audit   'json-parse-even-better-errors': [ '2.3.1' ],
16 silly audit   'json-schema-traverse': [ '0.4.1' ],
16 silly audit   'json-stable-stringify-without-jsonify': [ '1.0.1' ],
16 silly audit   json5: [ '2.2.3' ],
16 silly audit   'jsx-ast-utils': [ '3.3.3' ],
16 silly audit   levn: [ '0.4.1' ],
16 silly audit   lilconfig: [ '2.1.0' ],
16 silly audit   'lines-and-columns': [ '1.2.4' ],
16 silly audit   'locate-path': [ '6.0.0' ],
16 silly audit   'lodash.merge': [ '4.6.2' ],
16 silly audit   'lodash.mergewith': [ '4.6.2' ],
16 silly audit   'loose-envify': [ '1.4.0' ],
16 silly audit   'lru-cache': [ '5.1.1' ],
16 silly audit   merge2: [ '1.4.1' ],
16 silly audit   micromatch: [ '4.0.5' ],
16 silly audit   'mime-db': [ '1.52.0' ],
16 silly audit   'mime-types': [ '2.1.35' ],
16 silly audit   minimatch: [ '3.1.2' ],
16 silly audit   ms: [ '2.1.2' ],
16 silly audit   mz: [ '2.7.0' ],
16 silly audit   nanoid: [ '3.3.6' ],
16 silly audit   'natural-compare': [ '1.4.0' ],
16 silly audit   'node-releases': [ '2.0.12' ],
16 silly audit   'normalize-path': [ '3.0.0' ],
16 silly audit   'normalize-range': [ '0.1.2' ],
16 silly audit   'object-assign': [ '4.1.1' ],
16 silly audit   'object-hash': [ '3.0.0' ],
16 silly audit   'object-inspect': [ '1.12.3' ],
16 silly audit   'object-keys': [ '1.1.1' ],
16 silly audit   'object.assign': [ '4.1.4' ],
16 silly audit   'object.entries': [ '1.1.6' ],
16 silly audit   'object.fromentries': [ '2.0.6' ],
16 silly audit   'object.hasown': [ '1.1.2' ],
16 silly audit   'object.values': [ '1.1.6' ],
16 silly audit   once: [ '1.4.0' ],
16 silly audit   optionator: [ '0.9.1' ],
16 silly audit   'p-limit': [ '3.1.0' ],
16 silly audit   'p-locate': [ '5.0.0' ],
16 silly audit   'parent-module': [ '1.0.1' ],
16 silly audit   'parse-json': [ '5.2.0' ],
16 silly audit   'path-exists': [ '4.0.0' ],
16 silly audit   'path-is-absolute': [ '1.0.1' ],
16 silly audit   'path-key': [ '3.1.1' ],
16 silly audit   'path-parse': [ '1.0.7' ],
16 silly audit   'path-type': [ '4.0.0' ],
16 silly audit   picocolors: [ '1.0.0' ],
16 silly audit   picomatch: [ '2.3.1' ],
16 silly audit   pify: [ '2.3.0' ],
16 silly audit   pirates: [ '4.0.5' ],
16 silly audit   postcss: [ '8.4.24' ],
16 silly audit   'postcss-import': [ '15.1.0' ],
16 silly audit   'postcss-js': [ '4.0.1' ],
16 silly audit   'postcss-load-config': [ '4.0.1' ],
16 silly audit   yaml: [ '2.3.1', '1.10.2' ],
16 silly audit   'postcss-nested': [ '6.0.1' ],
16 silly audit   'postcss-selector-parser': [ '6.0.13' ],
16 silly audit   'postcss-value-parser': [ '4.2.0' ],
16 silly audit   'prelude-ls': [ '1.2.1' ],
16 silly audit   'prop-types': [ '15.8.1' ],
16 silly audit   'proxy-from-env': [ '1.1.0' ],
16 silly audit   punycode: [ '2.3.0' ],
16 silly audit   'queue-microtask': [ '1.2.3' ],
16 silly audit   react: [ '18.2.0' ],
16 silly audit   'react-clientside-effect': [ '1.2.6' ],
16 silly audit   'react-dom': [ '18.2.0' ],
16 silly audit   'react-fast-compare': [ '3.2.1' ],
16 silly audit   'react-focus-lock': [ '2.9.4' ],
16 silly audit   'react-icons': [ '4.9.0' ],
16 silly audit   'react-is': [ '16.13.1' ],
16 silly audit   'react-refresh': [ '0.14.0' ],
16 silly audit   'react-remove-scroll': [ '2.5.6' ],
16 silly audit   'react-remove-scroll-bar': [ '2.3.4' ],
16 silly audit   'react-router': [ '6.13.0' ],
16 silly audit   'react-router-dom': [ '6.13.0' ],
16 silly audit   'react-style-singleton': [ '2.2.1' ],
16 silly audit   'read-cache': [ '1.0.0' ],
16 silly audit   readdirp: [ '3.6.0' ],
16 silly audit   'regenerator-runtime': [ '0.13.11' ],
16 silly audit   'regexp.prototype.flags': [ '1.5.0' ],
16 silly audit   'resolve-from': [ '4.0.0' ],
16 silly audit   reusify: [ '1.0.4' ],
16 silly audit   rimraf: [ '3.0.2' ],
16 silly audit   rollup: [ '3.25.1' ],
16 silly audit   'run-parallel': [ '1.2.0' ],
16 silly audit   'safe-regex-test': [ '1.0.0' ],
16 silly audit   scheduler: [ '0.23.0' ],
16 silly audit   semver: [ '6.3.0' ],
16 silly audit   'shebang-command': [ '2.0.0' ],
16 silly audit   'shebang-regex': [ '3.0.0' ],
16 silly audit   'side-channel': [ '1.0.4' ],
16 silly audit   'source-map': [ '0.5.7' ],
16 silly audit   'source-map-js': [ '1.0.2' ],
16 silly audit   'string.prototype.matchall': [ '4.0.8' ],
16 silly audit   'string.prototype.trim': [ '1.2.7' ],
16 silly audit   'string.prototype.trimend': [ '1.0.6' ],
16 silly audit   'string.prototype.trimstart': [ '1.0.6' ],
16 silly audit   'strip-ansi': [ '6.0.1' ],
16 silly audit   'strip-json-comments': [ '3.1.1' ],
16 silly audit   stylis: [ '4.2.0' ],
16 silly audit   sucrase: [ '3.32.0' ],
16 silly audit   'supports-preserve-symlinks-flag': [ '1.0.0' ],
16 silly audit   swiper: [ '10.0.4' ],
16 silly audit   tailwindcss: [ '3.3.2' ],
16 silly audit   'text-table': [ '0.2.0' ],
16 silly audit   thenify: [ '3.3.1' ],
16 silly audit   'thenify-all': [ '1.6.0' ],
16 silly audit   'tiny-invariant': [ '1.3.1' ],
16 silly audit   'to-fast-properties': [ '2.0.0' ],
16 silly audit   'to-regex-range': [ '5.0.1' ],
16 silly audit   'toggle-selection': [ '1.0.6' ],
16 silly audit   'ts-interface-checker': [ '0.1.13' ],
16 silly audit   'type-check': [ '0.4.0' ],
16 silly audit   'type-fest': [ '0.20.2' ],
16 silly audit   'typed-array-length': [ '1.0.4' ],
16 silly audit   'unbox-primitive': [ '1.0.2' ],
16 silly audit   'update-browserslist-db': [ '1.0.11' ],
16 silly audit   'uri-js': [ '4.4.1' ],
16 silly audit   'use-callback-ref': [ '1.3.0' ],
16 silly audit   'use-sidecar': [ '1.1.2' ],
16 silly audit   'util-deprecate': [ '1.0.2' ],
16 silly audit   vite: [ '4.3.9' ],
16 silly audit   which: [ '2.0.2' ],
16 silly audit   'which-boxed-primitive': [ '1.0.2' ],
16 silly audit   'which-typed-array': [ '1.1.9' ],
16 silly audit   'word-wrap': [ '1.2.3' ],
16 silly audit   wrappy: [ '1.0.2' ],
16 silly audit   yallist: [ '3.1.1' ],
16 silly audit   'yocto-queue': [ '0.1.0' ]
16 silly audit }
17 verbose reify failed optional dependency C:\Users\Deepak Kumar Bind\OneDrive\Desktop\AZAL INTERNATIONAL\Azal-Carpet\node_modules\fsevents
18 silly reify mark deleted [
18 silly reify   'C:\\Users\\Deepak Kumar Bind\\OneDrive\\Desktop\\AZAL INTERNATIONAL\\Azal-Carpet\\node_modules\\fsevents'
18 silly reify ]
19 verbose reify failed optional dependency C:\Users\Deepak Kumar Bind\OneDrive\Desktop\AZAL INTERNATIONAL\Azal-Carpet\node_modules\@esbuild\win32-ia32
20 silly reify mark deleted [
20 silly reify   'C:\\Users\\Deepak Kumar Bind\\OneDrive\\Desktop\\AZAL INTERNATIONAL\\Azal-Carpet\\node_modules\\@esbuild\\win32-ia32'
20 silly reify ]
21 verbose reify failed optional dependency C:\Users\Deepak Kumar Bind\OneDrive\Desktop\AZAL INTERNATIONAL\Azal-Carpet\node_modules\@esbuild\win32-arm64
22 silly reify mark deleted [
22 silly reify   'C:\\Users\\Deepak Kumar Bind\\OneDrive\\Desktop\\AZAL INTERNATIONAL\\Azal-Carpet\\node_modules\\@esbuild\\win32-arm64'
22 silly reify ]
23 verbose reify failed optional dependency C:\Users\Deepak Kumar Bind\OneDrive\Desktop\AZAL INTERNATIONAL\Azal-Carpet\node_modules\@esbuild\sunos-x64
24 silly reify mark deleted [
24 silly reify   'C:\\Users\\Deepak Kumar Bind\\OneDrive\\Desktop\\AZAL INTERNATIONAL\\Azal-Carpet\\node_modules\\@esbuild\\sunos-x64'
24 silly reify ]
25 verbose reify failed optional dependency C:\Users\Deepak Kumar Bind\OneDrive\Desktop\AZAL INTERNATIONAL\Azal-Carpet\node_modules\@esbuild\openbsd-x64
26 silly reify mark deleted [
26 silly reify   'C:\\Users\\Deepak Kumar Bind\\OneDrive\\Desktop\\AZAL INTERNATIONAL\\Azal-Carpet\\node_modules\\@esbuild\\openbsd-x64'
26 silly reify ]
27 verbose reify failed optional dependency C:\Users\Deepak Kumar Bind\OneDrive\Desktop\AZAL INTERNATIONAL\Azal-Carpet\node_modules\@esbuild\netbsd-x64
28 silly reify mark deleted [
28 silly reify   'C:\\Users\\Deepak Kumar Bind\\OneDrive\\Desktop\\AZAL INTERNATIONAL\\Azal-Carpet\\node_modules\\@esbuild\\netbsd-x64'
28 silly reify ]
29 verbose reify failed optional dependency C:\Users\Deepak Kumar Bind\OneDrive\Desktop\AZAL INTERNATIONAL\Azal-Carpet\node_modules\@esbuild\linux-x64
30 silly reify mark deleted [
30 silly reify   'C:\\Users\\Deepak Kumar Bind\\OneDrive\\Desktop\\AZAL INTERNATIONAL\\Azal-Carpet\\node_modules\\@esbuild\\linux-x64'
30 silly reify ]
31 verbose reify failed optional dependency C:\Users\Deepak Kumar Bind\OneDrive\Desktop\AZAL INTERNATIONAL\Azal-Carpet\node_modules\@esbuild\linux-s390x
32 silly reify mark deleted [
32 silly reify   'C:\\Users\\Deepak Kumar Bind\\OneDrive\\Desktop\\AZAL INTERNATIONAL\\Azal-Carpet\\node_modules\\@esbuild\\linux-s390x'
32 silly reify ]
33 verbose reify failed optional dependency C:\Users\Deepak Kumar Bind\OneDrive\Desktop\AZAL INTERNATIONAL\Azal-Carpet\node_modules\@esbuild\linux-riscv64
34 silly reify mark deleted [
34 silly reify   'C:\\Users\\Deepak Kumar Bind\\OneDrive\\Desktop\\AZAL INTERNATIONAL\\Azal-Carpet\\node_modules\\@esbuild\\linux-riscv64'
34 silly reify ]
35 verbose reify failed optional dependency C:\Users\Deepak Kumar Bind\OneDrive\Desktop\AZAL INTERNATIONAL\Azal-Carpet\node_modules\@esbuild\linux-ppc64
36 silly reify mark deleted [
36 silly reify   'C:\\Users\\Deepak Kumar Bind\\OneDrive\\Desktop\\AZAL INTERNATIONAL\\Azal-Carpet\\node_modules\\@esbuild\\linux-ppc64'
36 silly reify ]
37 verbose reify failed optional dependency C:\Users\Deepak Kumar Bind\OneDrive\Desktop\AZAL INTERNATIONAL\Azal-Carpet\node_modules\@esbuild\linux-mips64el
38 silly reify mark deleted [
38 silly reify   'C:\\Users\\Deepak Kumar Bind\\OneDrive\\Desktop\\AZAL INTERNATIONAL\\Azal-Carpet\\node_modules\\@esbuild\\linux-mips64el'
38 silly reify ]
39 verbose reify failed optional dependency C:\Users\Deepak Kumar Bind\OneDrive\Desktop\AZAL INTERNATIONAL\Azal-Carpet\node_modules\@esbuild\linux-loong64
40 silly reify mark deleted [
40 silly reify   'C:\\Users\\Deepak Kumar Bind\\OneDrive\\Desktop\\AZAL INTERNATIONAL\\Azal-Carpet\\node_modules\\@esbuild\\linux-loong64'
40 silly reify ]
41 verbose reify failed optional dependency C:\Users\Deepak Kumar Bind\OneDrive\Desktop\AZAL INTERNATIONAL\Azal-Carpet\node_modules\@esbuild\linux-ia32
42 silly reify mark deleted [
42 silly reify   'C:\\Users\\Deepak Kumar Bind\\OneDrive\\Desktop\\AZAL INTERNATIONAL\\Azal-Carpet\\node_modules\\@esbuild\\linux-ia32'
42 silly reify ]
43 verbose reify failed optional dependency C:\Users\Deepak Kumar Bind\OneDrive\Desktop\AZAL INTERNATIONAL\Azal-Carpet\node_modules\@esbuild\linux-arm64
44 silly reify mark deleted [
44 silly reify   'C:\\Users\\Deepak Kumar Bind\\OneDrive\\Desktop\\AZAL INTERNATIONAL\\Azal-Carpet\\node_modules\\@esbuild\\linux-arm64'
44 silly reify ]
45 verbose reify failed optional dependency C:\Users\Deepak Kumar Bind\OneDrive\Desktop\AZAL INTERNATIONAL\Azal-Carpet\node_modules\@esbuild\linux-arm
46 silly reify mark deleted [
46 silly reify   'C:\\Users\\Deepak Kumar Bind\\OneDrive\\Desktop\\AZAL INTERNATIONAL\\Azal-Carpet\\node_modules\\@esbuild\\linux-arm'
46 silly reify ]
47 verbose reify failed optional dependency C:\Users\Deepak Kumar Bind\OneDrive\Desktop\AZAL INTERNATIONAL\Azal-Carpet\node_modules\@esbuild\freebsd-x64
48 silly reify mark deleted [
48 silly reify   'C:\\Users\\Deepak Kumar Bind\\OneDrive\\Desktop\\AZAL INTERNATIONAL\\Azal-Carpet\\node_modules\\@esbuild\\freebsd-x64'
48 silly reify ]
49 verbose reify failed optional dependency C:\Users\Deepak Kumar Bind\OneDrive\Desktop\AZAL INTERNATIONAL\Azal-Carpet\node_modules\@esbuild\freebsd-arm64
50 silly reify mark deleted [
50 silly reify   'C:\\Users\\Deepak Kumar Bind\\OneDrive\\Desktop\\AZAL INTERNATIONAL\\Azal-Carpet\\node_modules\\@esbuild\\freebsd-arm64'
50 silly reify ]
51 verbose reify failed optional dependency C:\Users\Deepak Kumar Bind\OneDrive\Desktop\AZAL INTERNATIONAL\Azal-Carpet\node_modules\@esbuild\darwin-x64
52 silly reify mark deleted [
52 silly reify   'C:\\Users\\Deepak Kumar Bind\\OneDrive\\Desktop\\AZAL INTERNATIONAL\\Azal-Carpet\\node_modules\\@esbuild\\darwin-x64'
52 silly reify ]
53 verbose reify failed optional dependency C:\Users\Deepak Kumar Bind\OneDrive\Desktop\AZAL INTERNATIONAL\Azal-Carpet\node_modules\@esbuild\darwin-arm64
54 silly reify mark deleted [
54 silly reify   'C:\\Users\\Deepak Kumar Bind\\OneDrive\\Desktop\\AZAL INTERNATIONAL\\Azal-Carpet\\node_modules\\@esbuild\\darwin-arm64'
54 silly reify ]
55 verbose reify failed optional dependency C:\Users\Deepak Kumar Bind\OneDrive\Desktop\AZAL INTERNATIONAL\Azal-Carpet\node_modules\@esbuild\android-x64
56 silly reify mark deleted [
56 silly reify   'C:\\Users\\Deepak Kumar Bind\\OneDrive\\Desktop\\AZAL INTERNATIONAL\\Azal-Carpet\\node_modules\\@esbuild\\android-x64'
56 silly reify ]
57 verbose reify failed optional dependency C:\Users\Deepak Kumar Bind\OneDrive\Desktop\AZAL INTERNATIONAL\Azal-Carpet\node_modules\@esbuild\android-arm64
58 silly reify mark deleted [
58 silly reify   'C:\\Users\\Deepak Kumar Bind\\OneDrive\\Desktop\\AZAL INTERNATIONAL\\Azal-Carpet\\node_modules\\@esbuild\\android-arm64'
58 silly reify ]
59 verbose reify failed optional dependency C:\Users\Deepak Kumar Bind\OneDrive\Desktop\AZAL INTERNATIONAL\Azal-Carpet\node_modules\@esbuild\android-arm
60 silly reify mark deleted [
60 silly reify   'C:\\Users\\Deepak Kumar Bind\\OneDrive\\Desktop\\AZAL INTERNATIONAL\\Azal-Carpet\\node_modules\\@esbuild\\android-arm'
60 silly reify ]
61 http fetch POST 404 https://registry.npmmirror.com/-/npm/v1/security/advisories/bulk 1036ms
62 silly audit bulk request failed [object Object]
63 http fetch POST 404 https://registry.npmmirror.com/-/npm/v1/security/audits/quick 147ms
64 verbose audit error HttpErrorGeneral: 404 Not Found - POST https://registry.npmmirror.com/-/npm/v1/security/audits/quick - [NOT_IMPLEMENTED] /-/npm/v1/security/* not implemented yet
64 verbose audit error     at C:\Users\Deepak Kumar Bind\AppData\Roaming\npm\node_modules\npm\node_modules\npm-registry-fetch\lib\check-response.js:95:15
64 verbose audit error     at process.processTicksAndRejections (node:internal/process/task_queues:95:5)
64 verbose audit error     at async [getReport] (C:\Users\Deepak Kumar Bind\AppData\Roaming\npm\node_modules\npm\node_modules\@npmcli\arborist\lib\audit-report.js:336:21)
64 verbose audit error     at async AuditReport.run (C:\Users\Deepak Kumar Bind\AppData\Roaming\npm\node_modules\npm\node_modules\@npmcli\arborist\lib\audit-report.js:106:19)
64 verbose audit error     at async Arborist.reify (C:\Users\Deepak Kumar Bind\AppData\Roaming\npm\node_modules\npm\node_modules\@npmcli\arborist\lib\arborist\reify.js:268:24)
64 verbose audit error     at async Install.exec (C:\Users\Deepak Kumar Bind\AppData\Roaming\npm\node_modules\npm\lib\commands\install.js:150:5)
64 verbose audit error     at async Npm.exec (C:\Users\Deepak Kumar Bind\AppData\Roaming\npm\node_modules\npm\lib\npm.js:207:9)
64 verbose audit error     at async module.exports (C:\Users\Deepak Kumar Bind\AppData\Roaming\npm\node_modules\npm\lib\cli\entry.js:74:5) {
64 verbose audit error   headers: [Object: null prototype] {
64 verbose audit error     server: [ 'Tengine' ],
64 verbose audit error     date: [ 'Fri, 06 Feb 2026 04:21:46 GMT' ],
64 verbose audit error     'content-type': [ 'application/json' ],
64 verbose audit error     'transfer-encoding': [ 'chunked' ],
64 verbose audit error     connection: [ 'keep-alive' ],
64 verbose audit error     'strict-transport-security': [ 'max-age=5184000' ],
64 verbose audit error     via: [ 'ens-cache5.sg17[,404666]' ],
64 verbose audit error     'timing-allow-origin': [ '*' ],
64 verbose audit error     eagleid: [ 'a3b5a09917703517064331108e' ],
64 verbose audit error     'x-fetch-attempts': [ '1' ]
64 verbose audit error   },
64 verbose audit error   statusCode: 404,
64 verbose audit error   code: 'E404',
64 verbose audit error   method: 'POST',
64 verbose audit error   uri: 'https://registry.npmmirror.com/-/npm/v1/security/audits/quick',
64 verbose audit error   body: {
64 verbose audit error     error: '[NOT_IMPLEMENTED] /-/npm/v1/security/* not implemented yet'
64 verbose audit error   },
64 verbose audit error   pkgid: undefined
64 verbose audit error }
65 silly audit error [object Object]
66 silly audit report null
67 silly ADD
68 silly ADD
69 silly ADD
70 silly ADD
71 silly ADD
72 silly ADD
73 silly ADD
74 silly ADD
75 silly ADD
76 silly ADD
77 silly ADD
78 silly ADD
79 silly ADD
80 silly ADD
81 silly ADD
82 silly ADD
83 silly ADD
84 silly ADD
85 silly ADD
86 silly ADD
87 silly ADD
88 silly ADD
89 verbose cwd C:\Users\Deepak Kumar Bind\OneDrive\Desktop\AZAL INTERNATIONAL\Azal-Carpet
90 verbose os Windows_NT 10.0.22631
91 verbose node v20.20.0
92 verbose npm  v10.8.2
93 verbose exit 0
94 info ok
