0 verbose cli C:\Program Files\nodejs\node.exe C:\Users\Deepak Kumar Bind\AppData\Roaming\npm\node_modules\npm\bin\npm-cli.js
1 info using npm@10.8.2
2 info using node@v20.20.0
3 silly config load:file:C:\Users\Deepak Kumar Bind\AppData\Roaming\npm\node_modules\npm\npmrc
4 silly config load:file:c:\Users\Deepak Kumar Bind\OneDrive\Desktop\AZAL INTERNATIONAL\Azal-Carpet\.npmrc
5 silly config load:file:C:\Users\Deepak Kumar Bind\.npmrc
6 silly config load:file:C:\Users\Deepak Kumar Bind\AppData\Roaming\npm\etc\npmrc
7 verbose title npm view autoprefixer description dist-tags.latest homepage version time
8 verbose argv "view" "--json" "--" "autoprefixer" "description" "dist-tags.latest" "homepage" "version" "time"
9 verbose logfile logs-max:10 dir:C:\Users\Deepak Kumar Bind\OneDrive\Desktop\AZAL INTERNATIONAL\Azal-Carpet\.npm-cache\_logs\2026-02-10T16_09_02_436Z-
10 verbose logfile C:\Users\Deepak Kumar Bind\OneDrive\Desktop\AZAL INTERNATIONAL\Azal-Carpet\.npm-cache\_logs\2026-02-10T16_09_02_436Z-debug-0.log
11 silly logfile start cleaning logs, removing 1 files
12 silly logfile done cleaning log files
13 http fetch GET 200 https://registry.npmmirror.com/autoprefixer 1674ms (cache miss)
14 verbose cwd c:\Users\Deepak Kumar Bind\OneDrive\Desktop\AZAL INTERNATIONAL\Azal-Carpet
15 verbose os Windows_NT 10.0.22631
16 verbose node v20.20.0
17 verbose npm  v10.8.2
18 verbose exit 0
19 info ok
